0 info it worked if it ends with ok
1 verbose cli [ 'D:\\nodejs\\node.exe',
1 verbose cli   'D:\\nodejs\\node_modules\\npm\\bin\\npm-cli.js',
1 verbose cli   'run',
1 verbose cli   'build' ]
2 info using npm@3.10.10
3 info using node@v6.10.0
4 verbose run-script [ 'prebuild', 'build', 'postbuild' ]
5 info lifecycle react-lazyload@2.2.4~prebuild: react-lazyload@2.2.4
6 silly lifecycle react-lazyload@2.2.4~prebuild: no script for prebuild, continuing
7 info lifecycle react-lazyload@2.2.4~build: react-lazyload@2.2.4
8 verbose lifecycle react-lazyload@2.2.4~build: unsafe-perm in lifecycle true
9 verbose lifecycle react-lazyload@2.2.4~build: PATH: D:\nodejs\node_modules\npm\bin\node-gyp-bin;D:\do\store\static\react-lazyload\node_modules\.bin;%CommonProgramFiles%\Microsoft Shared\Windows Live;C:\Program Files (x86)\NVIDIA Corporation\PhysX\Common;C:\Windows\system32;C:\Windows;C:\Windows\System32\Wbem;C:\Windows\System32\WindowsPowerShell\v1.0\;D:\软件\Git\cmd;D:\nodejs\;D:\编程\Scripts\;D:\编程\;C:\Program Files\Common Files\Microsoft Shared\Windows Live;C:\Users\Administrator\AppData\Roaming\npm
10 verbose lifecycle react-lazyload@2.2.4~build: CWD: D:\do\store\static\react-lazyload
11 silly lifecycle react-lazyload@2.2.4~build: Args: [ '/d /s /c', 'babel src/ --out-dir lib/' ]
12 silly lifecycle react-lazyload@2.2.4~build: Returned: code: 1  signal: null
13 info lifecycle react-lazyload@2.2.4~build: Failed to exec build script
14 verbose stack Error: react-lazyload@2.2.4 build: `babel src/ --out-dir lib/`
14 verbose stack Exit status 1
14 verbose stack     at EventEmitter.<anonymous> (D:\nodejs\node_modules\npm\lib\utils\lifecycle.js:255:16)
14 verbose stack     at emitTwo (events.js:106:13)
14 verbose stack     at EventEmitter.emit (events.js:191:7)
14 verbose stack     at ChildProcess.<anonymous> (D:\nodejs\node_modules\npm\lib\utils\spawn.js:40:14)
14 verbose stack     at emitTwo (events.js:106:13)
14 verbose stack     at ChildProcess.emit (events.js:191:7)
14 verbose stack     at maybeClose (internal/child_process.js:877:16)
14 verbose stack     at Process.ChildProcess._handle.onexit (internal/child_process.js:226:5)
15 verbose pkgid react-lazyload@2.2.4
16 verbose cwd D:\do\store\static\react-lazyload
17 error Windows_NT 6.1.7601
18 error argv "D:\\nodejs\\node.exe" "D:\\nodejs\\node_modules\\npm\\bin\\npm-cli.js" "run" "build"
19 error node v6.10.0
20 error npm  v3.10.10
21 error code ELIFECYCLE
22 error react-lazyload@2.2.4 build: `babel src/ --out-dir lib/`
22 error Exit status 1
23 error Failed at the react-lazyload@2.2.4 build script 'babel src/ --out-dir lib/'.
23 error Make sure you have the latest version of node.js and npm installed.
23 error If you do, this is most likely a problem with the react-lazyload package,
23 error not with npm itself.
23 error Tell the author that this fails on your system:
23 error     babel src/ --out-dir lib/
23 error You can get information on how to open an issue for this project with:
23 error     npm bugs react-lazyload
23 error Or if that isn't available, you can get their info via:
23 error     npm owner ls react-lazyload
23 error There is likely additional logging output above.
24 verbose exit [ 1, true ]
